#
# There is insufficient memory for the Java Runtime Environment to continue.
# Native memory allocation (mmap) failed to map 67108864 bytes. Error detail: G1 virtual space
# Possible reasons:
#   The system is out of physical RAM or swap space
#   This process is running with CompressedOops enabled, and the Java Heap may be blocking the growth of the native heap
# Possible solutions:
#   Reduce memory load on the system
#   Increase physical memory or swap space
#   Check if swap backing store is full
#   Decrease Java heap size (-Xmx/-Xms)
#   Decrease number of Java threads
#   Decrease Java thread stack sizes (-Xss)
#   Set larger code cache with -XX:ReservedCodeCacheSize=
#   JVM is running with Unscaled Compressed Oops mode in which the Java heap is
#     placed in the first 4GB address space. The Java Heap base address is the
#     maximum limit for the native heap growth. Please use -XX:HeapBaseMinAddress
#     to set the Java Heap base and to place the Java Heap above 4GB virtual address.
# This output file may be truncated or incomplete.
#
#  Out of Memory Error (os_windows.cpp:3828), pid=7716, tid=8308
#
# JRE version:  (21.0.5) (build )
# Java VM: OpenJDK 64-Bit Server VM (21.0.5+-13047016-b750.29, mixed mode, sharing, tiered, compressed oops, compressed class ptrs, g1 gc, windows-amd64)
# No core dump will be written. Minidumps are not enabled by default on client versions of Windows
#

---------------  S U M M A R Y ------------

Command Line: org.jetbrains.kotlin.cli.jvm.K2JVMCompiler @C:\Users\Profissional\AndroidStudioProjects\Distribuiao_Frequencia\app\build\20250405_2754773376604856011.compiler.options

Host: Intel(R) Core(TM) i3-5005U CPU @ 2.00GHz, 4 cores, 3G,  Windows 10 , 64 bit Build 19041 (10.0.19041.5438)
Time: Sat Apr  5 21:18:19 2025 Hora oficial do Brasil elapsed time: 0.039784 seconds (0d 0h 0m 0s)

---------------  T H R E A D  ---------------

Current thread (0x00000135b5d5c7a0):  JavaThread "Unknown thread" [_thread_in_vm, id=8308, stack(0x0000001dbfb00000,0x0000001dbfc00000) (1024K)]

Stack: [0x0000001dbfb00000,0x0000001dbfc00000]
Native frames: (J=compiled Java code, j=interpreted, Vv=VM code, C=native code)
V  [jvm.dll+0x6cfb29]
V  [jvm.dll+0x85df93]
V  [jvm.dll+0x8604ee]
V  [jvm.dll+0x860bd3]
V  [jvm.dll+0x27e6b6]
V  [jvm.dll+0x6cc385]
V  [jvm.dll+0x6c078a]
V  [jvm.dll+0x35525b]
V  [jvm.dll+0x35ceb6]
V  [jvm.dll+0x3aedd6]
V  [jvm.dll+0x3af0a8]
V  [jvm.dll+0x32792c]
V  [jvm.dll+0x32861b]
V  [jvm.dll+0x8259d9]
V  [jvm.dll+0x3bbfa8]
V  [jvm.dll+0x80ec88]
V  [jvm.dll+0x45015e]
V  [jvm.dll+0x4518c1]
C  [jli.dll+0x52ab]
C  [ucrtbase.dll+0x21bb2]
C  [KERNEL32.DLL+0x17374]
C  [ntdll.dll+0x4cc91]


---------------  P R O C E S S  ---------------

Threads class SMR info:
_java_thread_list=0x00007ff9ab180808, length=0, elements={
}

Java Threads: ( => current thread )
Total: 0

Other Threads:
  0x00000135b7e33280 WorkerThread "GC Thread#0"                     [id=2812, stack(0x0000001dbfc00000,0x0000001dbfd00000) (1024K)]
  0x00000135b7e3bfa0 ConcurrentGCThread "G1 Main Marker"            [id=1076, stack(0x0000001dbfd00000,0x0000001dbfe00000) (1024K)]
  0x00000135b7e3d2b0 WorkerThread "G1 Conc#0"                       [id=7364, stack(0x0000001dbfe00000,0x0000001dbff00000) (1024K)]

[error occurred during error reporting (printing all threads), id 0xc0000005, EXCEPTION_ACCESS_VIOLATION (0xc0000005) at pc=0x00007ff9aa97a967]
VM state: not at safepoint (not fully initialized)

VM Mutex/Monitor currently owned by a thread:  ([mutex/lock_event])
[0x00007ff9ab1ed460] Heap_lock - owner thread: 0x00000135b5d5c7a0

Heap address: 0x00000000c1600000, size: 1002 MB, Compressed Oops mode: 32-bit

CDS archive(s) mapped at: [0x0000000000000000-0x0000000000000000-0x0000000000000000), size 0, SharedBaseAddress: 0x0000000800000000, ArchiveRelocationMode: 1.
Narrow klass base: 0x0000000000000000, Narrow klass shift: 0, Narrow klass range: 0x0

GC Precious Log:
 CardTable entry size: 512
 Card Set container configuration: InlinePtr #cards 5 size 8 Array Of Cards #cards 12 size 40 Howl #buckets 4 coarsen threshold 1843 Howl Bitmap #cards 512 size 80 coarsen threshold 460 Card regions per heap region 1 cards per card region 2048

Heap:
 garbage-first heap   total 0K, used 0K [0x00000000c1600000, 0x0000000100000000)
  region size 1024K, 0 young (0K), 0 survivors (0K)
 Metaspace       used 0K, committed 0K, reserved 0K
  class space    used 0K, committed 0K, reserved 0K

Heap Regions: E=young(eden), S=young(survivor), O=old, HS=humongous(starts), HC=humongous(continues), CS=collection set, F=free, TAMS=top-at-mark-start, PB=parsable bottom

Card table byte_map: [0x00000135ca160000,0x00000135ca360000] _byte_map_base: 0x00000135c9b55000

Marking Bits: (CMBitMap*) 0x00000135b7e33980
 Bits: [0x00000135ca360000, 0x00000135cb308000)

GC Heap History (0 events):
No events

Dll operation events (1 events):
Event: 0.023 Loaded shared library C:\Program Files\Android\Android Studio\jbr\bin\java.dll

Deoptimization events (0 events):
No events

Classes loaded (0 events):
No events

Classes unloaded (0 events):
No events

Classes redefined (0 events):
No events

Internal exceptions (0 events):
No events

ZGC Phase Switch (0 events):
No events

VM Operations (0 events):
No events

Memory protections (0 events):
No events

Nmethod flushes (0 events):
No events

Events (0 events):
No events


Dynamic libraries:
0x00007ff6b2240000 - 0x00007ff6b224a000 	C:\Program Files\Android\Android Studio\jbr\bin\java.exe
0x00007ff9d79b0000 - 0x00007ff9d7ba8000 	C:\Windows\SYSTEM32\ntdll.dll
0x00007ff9d5d50000 - 0x00007ff9d5e12000 	C:\Windows\System32\KERNEL32.DLL
0x00007ff9d51e0000 - 0x00007ff9d54df000 	C:\Windows\System32\KERNELBASE.dll
0x00007ff9d56c0000 - 0x00007ff9d57c0000 	C:\Windows\System32\ucrtbase.dll
0x00007ff9cf9c0000 - 0x00007ff9cf9d8000 	C:\Program Files\Android\Android Studio\jbr\bin\jli.dll
0x00007ff9d67d0000 - 0x00007ff9d696d000 	C:\Windows\System32\USER32.dll
0x00007ff9d55c0000 - 0x00007ff9d55e2000 	C:\Windows\System32\win32u.dll
0x00007ff9d6d60000 - 0x00007ff9d6d8b000 	C:\Windows\System32\GDI32.dll
0x00007ff9d50c0000 - 0x00007ff9d51da000 	C:\Windows\System32\gdi32full.dll
0x00007ff9d5620000 - 0x00007ff9d56bd000 	C:\Windows\System32\msvcp_win.dll
0x00007ff9cf9a0000 - 0x00007ff9cf9bb000 	C:\Program Files\Android\Android Studio\jbr\bin\VCRUNTIME140.dll
0x00007ff9c51a0000 - 0x00007ff9c543a000 	C:\Windows\WinSxS\amd64_microsoft.windows.common-controls_6595b64144ccf1df_6.0.19041.4355_none_60b8b9eb71f62e16\COMCTL32.dll
0x00007ff9d7500000 - 0x00007ff9d759e000 	C:\Windows\System32\msvcrt.dll
0x00007ff9d6560000 - 0x00007ff9d658f000 	C:\Windows\System32\IMM32.DLL
0x00007ff9cf990000 - 0x00007ff9cf99c000 	C:\Program Files\Android\Android Studio\jbr\bin\vcruntime140_1.dll
0x00007ff9ab5d0000 - 0x00007ff9ab65d000 	C:\Program Files\Android\Android Studio\jbr\bin\msvcp140.dll
0x00007ff9aa640000 - 0x00007ff9ab2ca000 	C:\Program Files\Android\Android Studio\jbr\bin\server\jvm.dll
0x00007ff9d6720000 - 0x00007ff9d67cf000 	C:\Windows\System32\ADVAPI32.dll
0x00007ff9d5fe0000 - 0x00007ff9d607f000 	C:\Windows\System32\sechost.dll
0x00007ff9d75b0000 - 0x00007ff9d76d3000 	C:\Windows\System32\RPCRT4.dll
0x00007ff9d55f0000 - 0x00007ff9d5617000 	C:\Windows\System32\bcrypt.dll
0x00007ff9d6c10000 - 0x00007ff9d6c7b000 	C:\Windows\System32\WS2_32.dll
0x00007ff9d4eb0000 - 0x00007ff9d4efb000 	C:\Windows\SYSTEM32\POWRPROF.dll
0x00007ff9c64d0000 - 0x00007ff9c64da000 	C:\Windows\SYSTEM32\VERSION.dll
0x00007ff9c3720000 - 0x00007ff9c3747000 	C:\Windows\SYSTEM32\WINMM.dll
0x00007ff9d4e90000 - 0x00007ff9d4ea2000 	C:\Windows\SYSTEM32\UMPDC.dll
0x00007ff9d2ed0000 - 0x00007ff9d2ee2000 	C:\Windows\SYSTEM32\kernel.appcore.dll
0x00007ff9cf7d0000 - 0x00007ff9cf7da000 	C:\Program Files\Android\Android Studio\jbr\bin\jimage.dll
0x00007ff9c1bb0000 - 0x00007ff9c1d94000 	C:\Windows\SYSTEM32\DBGHELP.DLL
0x00007ff9bbb60000 - 0x00007ff9bbb94000 	C:\Windows\SYSTEM32\dbgcore.DLL
0x00007ff9d5530000 - 0x00007ff9d55b2000 	C:\Windows\System32\bcryptPrimitives.dll
0x00007ff9cf5e0000 - 0x00007ff9cf600000 	C:\Program Files\Android\Android Studio\jbr\bin\java.dll

dbghelp: loaded successfully - version: 4.0.5 - missing functions: none
symbol engine: initialized successfully - sym options: 0x614 - pdb path: .;C:\Program Files\Android\Android Studio\jbr\bin;C:\Windows\SYSTEM32;C:\Windows\WinSxS\amd64_microsoft.windows.common-controls_6595b64144ccf1df_6.0.19041.4355_none_60b8b9eb71f62e16;C:\Program Files\Android\Android Studio\jbr\bin\server

VM Arguments:
java_command: org.jetbrains.kotlin.cli.jvm.K2JVMCompiler @C:\Users\Profissional\AndroidStudioProjects\Distribuiao_Frequencia\app\build\20250405_2754773376604856011.compiler.options
java_class_path (initial): C:\Users\Profissional\.gradle\caches\modules-2\files-2.1\org.jetbrains.kotlin\kotlin-compiler-embeddable\2.0.21\79346ed53db48b18312a472602eb5c057070c54d\kotlin-compiler-embeddable-2.0.21.jar;C:\Users\Profissional\.gradle\caches\modules-2\files-2.1\org.jetbrains.kotlin\kotlin-stdlib\2.0.21\618b539767b4899b4660a83006e052b63f1db551\kotlin-stdlib-2.0.21.jar;C:\Users\Profissional\.gradle\caches\modules-2\files-2.1\org.jetbrains.kotlin\kotlin-script-runtime\2.0.21\c9b044380ad41f89aa89aa896c2d32a8c0b2129d\kotlin-script-runtime-2.0.21.jar;C:\Users\Profissional\.gradle\caches\modules-2\files-2.1\org.jetbrains.kotlin\kotlin-reflect\1.6.10\1cbe9c92c12a94eea200d23c2bbaedaf3daf5132\kotlin-reflect-1.6.10.jar;C:\Users\Profissional\.gradle\caches\modules-2\files-2.1\org.jetbrains.kotlin\kotlin-daemon-embeddable\2.0.21\c9e933b23287de9b5a17e2116b4657bb91aea72c\kotlin-daemon-embeddable-2.0.21.jar;C:\Users\Profissional\.gradle\caches\modules-2\files-2.1\org.jetbrains.intellij.deps\trove4j\1.0.20200330\3afb14d5f9ceb459d724e907a21145e8ff394f02\trove4j-1.0.20200330.jar;C:\Users\Profissional\.gradle\caches\modules-2\files-2.1\org.jetbrains.kotlinx\kotlinx-coroutines-core-jvm\1.6.4\2c997cd1c0ef33f3e751d3831929aeff1390cb30\kotlinx-coroutines-core-jvm-1.6.4.jar;C:\Users\Profissional\.gradle\caches\modules-2\files-2.1\org.jetbrains\annotations\13.0\919f0dfe192fb4e063e7dacadee7f8bb9a2672a9\annotations-13.0.jar
Launcher Type: SUN_STANDARD

[Global flags]
     intx CICompilerCount                          = 3                                         {product} {ergonomic}
     uint ConcGCThreads                            = 1                                         {product} {ergonomic}
     uint G1ConcRefinementThreads                  = 4                                         {product} {ergonomic}
   size_t G1HeapRegionSize                         = 1048576                                   {product} {ergonomic}
    uintx GCDrainStackTargetSize                   = 64                                        {product} {ergonomic}
   size_t InitialHeapSize                          = 67108864                                  {product} {ergonomic}
   size_t MarkStackSize                            = 4194304                                   {product} {ergonomic}
   size_t MaxHeapSize                              = 1050673152                                {product} {ergonomic}
   size_t MinHeapDeltaBytes                        = 1048576                                   {product} {ergonomic}
   size_t MinHeapSize                              = 8388608                                   {product} {ergonomic}
    uintx NonNMethodCodeHeapSize                   = 5832780                                {pd product} {ergonomic}
    uintx NonProfiledCodeHeapSize                  = 122912730                              {pd product} {ergonomic}
    uintx ProfiledCodeHeapSize                     = 122912730                              {pd product} {ergonomic}
    uintx ReservedCodeCacheSize                    = 251658240                              {pd product} {ergonomic}
     bool SegmentedCodeCache                       = true                                      {product} {ergonomic}
   size_t SoftMaxHeapSize                          = 1050673152                             {manageable} {ergonomic}
     bool UseCompressedOops                        = true                           {product lp64_product} {ergonomic}
     bool UseG1GC                                  = true                                      {product} {ergonomic}
     bool UseLargePagesIndividualAllocation        = false                                  {pd product} {ergonomic}

Logging:
Log output configuration:
 #0: stdout all=warning uptime,level,tags foldmultilines=false
 #1: stderr all=off uptime,level,tags foldmultilines=false

Environment Variables:
PATH=C:\Program Files\Common Files\Oracle\Java\javapath;C:\Windows\system32;C:\Windows;C:\Windows\System32\Wbem;C:\Windows\System32\WindowsPowerShell\v1.0\;C:\Windows\System32\OpenSSH\;C:\Program Files\Git\cmd;C:\Users\Profissional\AppData\Local\Microsoft\WindowsApps;;C:\Program Files\JetBrains\IntelliJ IDEA Community Edition 2024.3\bin;;C:\Users\Profissional\AppData\Local\Programs\cursor\resources\app\bin
USERNAME=Profissional
OS=Windows_NT
PROCESSOR_IDENTIFIER=Intel64 Family 6 Model 61 Stepping 4, GenuineIntel
TMP=C:\Users\PROFIS~1\AppData\Local\Temp
TEMP=C:\Users\PROFIS~1\AppData\Local\Temp




Periodic native trim disabled

JNI global refs:
JNI global refs: 0, weak refs: 0

JNI global refs memory usage: 0, weak refs: 0

Process memory usage:
Resident Set Size: 10140K (0% of 4102772K total physical memory with 294532K free physical memory)

OOME stack traces (most recent first):
Classloader memory used:

---------------  S Y S T E M  ---------------

OS:
 Windows 10 , 64 bit Build 19041 (10.0.19041.5438)
OS uptime: 0 days 7:28 hours

CPU: total 4 (initial active 4) (2 cores per cpu, 2 threads per core) family 6 model 61 stepping 4 microcode 0x2d, cx8, cmov, fxsr, ht, mmx, 3dnowpref, sse, sse2, sse3, ssse3, sse4.1, sse4.2, popcnt, lzcnt, tsc, tscinvbit, avx, avx2, aes, erms, clmul, bmi1, bmi2, adx, fma, vzeroupper, clflush, rdtscp, f16c
Processor Information for all 4 processors :
  Max Mhz: 2000, Current Mhz: 1900, Mhz Limit: 1900

Memory: 4k page, system-wide physical 4006M (287M free)
TotalPageFile size 16294M (AvailPageFile size 48M)
current process WorkingSet (physical memory assigned to process): 9M, peak: 9M
current process commit charge ("private bytes"): 51M, peak: 115M

vm_info: OpenJDK 64-Bit Server VM (21.0.5+-13047016-b750.29) for windows-amd64 JRE (21.0.5+-13047016-b750.29), built on 2025-02-11T21:12:39Z by "builder" with MS VC++ 16.10 / 16.11 (VS2019)

END.
